2026-02-09 01:49:00,648 - SQLValidator - INFO - Valid String Found : SELECT name FROM users WHERE id IN (SELECT user_id FROM orders);
2026-02-09 01:49:00,648 - SQLValidator - INFO - Matched TokenType.SELECT
2026-02-09 01:49:00,648 - SQLValidator - INFO - Matched TokenType.IDENTIFIER
2026-02-09 01:49:00,649 - SQLValidator - INFO - Matched TokenType.FROM
2026-02-09 01:49:00,649 - SQLValidator - INFO - Matched TokenType.IDENTIFIER
2026-02-09 01:49:00,649 - SQLValidator - INFO - Matched TokenType.WHERE
2026-02-09 01:49:00,649 - SQLValidator - INFO - Matched TokenType.IDENTIFIER
2026-02-09 01:49:00,649 - SQLValidator - INFO - Matched TokenType.LPAREN
2026-02-09 01:49:00,649 - SQLValidator - INFO - Matched TokenType.SELECT
2026-02-09 01:49:00,649 - SQLValidator - INFO - Matched TokenType.IDENTIFIER
2026-02-09 01:49:00,649 - SQLValidator - INFO - Matched TokenType.FROM
2026-02-09 01:49:00,649 - SQLValidator - INFO - Matched TokenType.IDENTIFIER
2026-02-09 01:49:00,649 - SQLValidator - INFO - Matched TokenType.RPAREN
2026-02-09 01:49:00,650 - SQLValidator - INFO - Matched TokenType.SEMICOLON
2026-02-09 01:49:00,650 - SQLValidator - INFO - Validation Successfull!
2026-02-09 01:49:00,650 - SQLValidator - INFO - Valid String Found : SELECT * FROM t1 WHERE id = (SELECT id FROM t2 WHERE x = (SELECT y FROM t3));
2026-02-09 01:49:00,650 - SQLValidator - INFO - Matched TokenType.SELECT
2026-02-09 01:49:00,650 - SQLValidator - INFO - Matched TokenType.ASTERISK
2026-02-09 01:49:00,650 - SQLValidator - INFO - Matched TokenType.FROM
2026-02-09 01:49:00,650 - SQLValidator - INFO - Matched TokenType.IDENTIFIER
2026-02-09 01:49:00,651 - SQLValidator - INFO - Matched TokenType.WHERE
2026-02-09 01:49:00,651 - SQLValidator - INFO - Matched TokenType.IDENTIFIER
2026-02-09 01:49:00,651 - SQLValidator - INFO - Matched TokenType.LPAREN
2026-02-09 01:49:00,651 - SQLValidator - INFO - Matched TokenType.SELECT
2026-02-09 01:49:00,651 - SQLValidator - INFO - Matched TokenType.IDENTIFIER
2026-02-09 01:49:00,651 - SQLValidator - INFO - Matched TokenType.FROM
2026-02-09 01:49:00,651 - SQLValidator - INFO - Matched TokenType.IDENTIFIER
2026-02-09 01:49:00,651 - SQLValidator - INFO - Matched TokenType.WHERE
2026-02-09 01:49:00,652 - SQLValidator - INFO - Matched TokenType.IDENTIFIER
2026-02-09 01:49:00,652 - SQLValidator - INFO - Matched TokenType.LPAREN
2026-02-09 01:49:00,652 - SQLValidator - INFO - Matched TokenType.SELECT
2026-02-09 01:49:00,652 - SQLValidator - INFO - Matched TokenType.IDENTIFIER
2026-02-09 01:49:00,652 - SQLValidator - INFO - Matched TokenType.FROM
2026-02-09 01:49:00,652 - SQLValidator - INFO - Matched TokenType.IDENTIFIER
2026-02-09 01:49:00,652 - SQLValidator - INFO - Matched TokenType.RPAREN
2026-02-09 01:49:00,652 - SQLValidator - INFO - Matched TokenType.RPAREN
2026-02-09 01:49:00,652 - SQLValidator - INFO - Matched TokenType.SEMICOLON
2026-02-09 01:49:00,653 - SQLValidator - INFO - Validation Successfull!
2026-02-09 01:49:00,653 - SQLValidator - INFO - Valid String Found : SELECT * FROM users WHERE id = (SELECT id FROM staff;
2026-02-09 01:49:00,653 - SQLValidator - INFO - Matched TokenType.SELECT
2026-02-09 01:49:00,654 - SQLValidator - INFO - Matched TokenType.ASTERISK
2026-02-09 01:49:00,654 - SQLValidator - INFO - Matched TokenType.FROM
2026-02-09 01:49:00,654 - SQLValidator - INFO - Matched TokenType.IDENTIFIER
2026-02-09 01:49:00,655 - SQLValidator - INFO - Matched TokenType.WHERE
2026-02-09 01:49:00,655 - SQLValidator - INFO - Matched TokenType.IDENTIFIER
2026-02-09 01:49:00,655 - SQLValidator - INFO - Matched TokenType.LPAREN
2026-02-09 01:49:00,655 - SQLValidator - INFO - Matched TokenType.SELECT
2026-02-09 01:49:00,656 - SQLValidator - INFO - Matched TokenType.IDENTIFIER
2026-02-09 01:49:00,656 - SQLValidator - INFO - Matched TokenType.FROM
2026-02-09 01:49:00,657 - SQLValidator - INFO - Matched TokenType.IDENTIFIER
2026-02-09 01:49:00,657 - SQLValidator - INFO - Matched TokenType.SEMICOLON
2026-02-09 01:49:00,657 - SQLValidator - ERROR - Expected TokenType.RPAREN, but got TokenType.EOF
2026-02-09 01:49:00,658 - SQLValidator - ERROR - Validation Failed : Syntax Error : Expected RPAREN at 1 : 54
